[ 2017-02-10T12:01:36+08:00 ] 127.0.0.1 /
INFO: [ app_init ] --START--
INFO: Run Behavior\BuildLiteBehavior [ RunTime:0.000000s ]
INFO: [ app_init ] --END-- [ RunTime:0.002000s ]
INFO: [ app_begin ] --START--
INFO: Run Behavior\ReadHtmlCacheBehavior [ RunTime:0.001000s ]
INFO: [ app_begin ] --END-- [ RunTime:0.001000s ]
SQL: SHOW COLUMNS FROM `cat` [ RunTime:0.0080s ]
SQL: SELECT * FROM `cat`  [ RunTime:0.0010s ]
SQL: SHOW COLUMNS FROM `goods` [ RunTime:0.0030s ]
SQL: SELECT * FROM `goods` WHERE ( is_hot=1 ) ORDER BY goods_id desc LIMIT 0,4   [ RunTime:0.0020s ]
NOTIC: [2] array_reverse() expects parameter 1 to be array, null given C:\wamp64\www\shop\Home\Controller\IndexController.class.php 第 10 行.
INFO: [ view_parse ] --START--
INFO: [ template_filter ] --START--
INFO: Run Behavior\ContentReplaceBehavior [ RunTime:0.001000s ]
INFO: [ template_filter ] --END-- [ RunTime:0.001000s ]
NOTIC: [8] Use of undefined constant cat_id - assumed 'cat_id' C:\wamp64\www\shop\Runtime\Cache\Home\2f412aae274b751dca883838bf7e7502.php 第 86 行.
NOTIC: [8] Use of undefined constant parent_id - assumed 'parent_id' C:\wamp64\www\shop\Runtime\Cache\Home\2f412aae274b751dca883838bf7e7502.php 第 86 行.
NOTIC: [8] Use of undefined constant cat_id - assumed 'cat_id' C:\wamp64\www\shop\Runtime\Cache\Home\2f412aae274b751dca883838bf7e7502.php 第 86 行.
NOTIC: [8] Use of undefined constant parent_id - assumed 'parent_id' C:\wamp64\www\shop\Runtime\Cache\Home\2f412aae274b751dca883838bf7e7502.php 第 86 行.
NOTIC: [8] Use of undefined constant cat_id - assumed 'cat_id' C:\wamp64\www\shop\Runtime\Cache\Home\2f412aae274b751dca883838bf7e7502.php 第 86 行.
NOTIC: [8] Use of undefined constant cat_id - assumed 'cat_id' C:\wamp64\www\shop\Runtime\Cache\Home\2f412aae274b751dca883838bf7e7502.php 第 86 行.
NOTIC: [8] Use of undefined constant parent_id - assumed 'parent_id' C:\wamp64\www\shop\Runtime\Cache\Home\2f412aae274b751dca883838bf7e7502.php 第 86 行.
NOTIC: [8] Use of undefined constant cat_id - assumed 'cat_id' C:\wamp64\www\shop\Runtime\Cache\Home\2f412aae274b751dca883838bf7e7502.php 第 86 行.
NOTIC: [8] Use of undefined constant cat_id - assumed 'cat_id' C:\wamp64\www\shop\Runtime\Cache\Home\2f412aae274b751dca883838bf7e7502.php 第 86 行.
NOTIC: [8] Use of undefined constant parent_id - assumed 'parent_id' C:\wamp64\www\shop\Runtime\Cache\Home\2f412aae274b751dca883838bf7e7502.php 第 86 行.
NOTIC: [8] Use of undefined constant cat_id - assumed 'cat_id' C:\wamp64\www\shop\Runtime\Cache\Home\2f412aae274b751dca883838bf7e7502.php 第 86 行.
NOTIC: [8] Use of undefined constant cat_id - assumed 'cat_id' C:\wamp64\www\shop\Runtime\Cache\Home\2f412aae274b751dca883838bf7e7502.php 第 86 行.
NOTIC: [8] Use of undefined constant parent_id - assumed 'parent_id' C:\wamp64\www\shop\Runtime\Cache\Home\2f412aae274b751dca883838bf7e7502.php 第 86 行.
NOTIC: [8] Use of undefined constant cat_id - assumed 'cat_id' C:\wamp64\www\shop\Runtime\Cache\Home\2f412aae274b751dca883838bf7e7502.php 第 86 行.
NOTIC: [8] Use of undefined constant cat_id - assumed 'cat_id' C:\wamp64\www\shop\Runtime\Cache\Home\2f412aae274b751dca883838bf7e7502.php 第 86 行.
NOTIC: [8] Use of undefined constant parent_id - assumed 'parent_id' C:\wamp64\www\shop\Runtime\Cache\Home\2f412aae274b751dca883838bf7e7502.php 第 86 行.
NOTIC: [8] Use of undefined constant cat_id - assumed 'cat_id' C:\wamp64\www\shop\Runtime\Cache\Home\2f412aae274b751dca883838bf7e7502.php 第 86 行.
NOTIC: [8] Use of undefined constant parent_id - assumed 'parent_id' C:\wamp64\www\shop\Runtime\Cache\Home\2f412aae274b751dca883838bf7e7502.php 第 86 行.
NOTIC: [8] Use of undefined constant cat_id - assumed 'cat_id' C:\wamp64\www\shop\Runtime\Cache\Home\2f412aae274b751dca883838bf7e7502.php 第 86 行.
NOTIC: [8] Use of undefined constant parent_id - assumed 'parent_id' C:\wamp64\www\shop\Runtime\Cache\Home\2f412aae274b751dca883838bf7e7502.php 第 86 行.
NOTIC: [8] Use of undefined constant cat_id - assumed 'cat_id' C:\wamp64\www\shop\Runtime\Cache\Home\2f412aae274b751dca883838bf7e7502.php 第 86 行.
NOTIC: [8] Use of undefined constant parent_id - assumed 'parent_id' C:\wamp64\www\shop\Runtime\Cache\Home\2f412aae274b751dca883838bf7e7502.php 第 86 行.
NOTIC: [8] Use of undefined constant cat_id - assumed 'cat_id' C:\wamp64\www\shop\Runtime\Cache\Home\2f412aae274b751dca883838bf7e7502.php 第 86 行.
NOTIC: [8] Use of undefined constant parent_id - assumed 'parent_id' C:\wamp64\www\shop\Runtime\Cache\Home\2f412aae274b751dca883838bf7e7502.php 第 86 行.
NOTIC: [8] Use of undefined constant cat_id - assumed 'cat_id' C:\wamp64\www\shop\Runtime\Cache\Home\2f412aae274b751dca883838bf7e7502.php 第 86 行.
NOTIC: [8] Use of undefined constant parent_id - assumed 'parent_id' C:\wamp64\www\shop\Runtime\Cache\Home\2f412aae274b751dca883838bf7e7502.php 第 86 行.
NOTIC: [8] Use of undefined constant cat_id - assumed 'cat_id' C:\wamp64\www\shop\Runtime\Cache\Home\2f412aae274b751dca883838bf7e7502.php 第 86 行.
NOTIC: [8] Use of undefined constant parent_id - assumed 'parent_id' C:\wamp64\www\shop\Runtime\Cache\Home\2f412aae274b751dca883838bf7e7502.php 第 86 行.
NOTIC: [8] Use of undefined constant cat_id - assumed 'cat_id' C:\wamp64\www\shop\Runtime\Cache\Home\2f412aae274b751dca883838bf7e7502.php 第 86 行.
NOTIC: [8] Use of undefined constant parent_id - assumed 'parent_id' C:\wamp64\www\shop\Runtime\Cache\Home\2f412aae274b751dca883838bf7e7502.php 第 86 行.
NOTIC: [8] Use of undefined constant cat_id - assumed 'cat_id' C:\wamp64\www\shop\Runtime\Cache\Home\2f412aae274b751dca883838bf7e7502.php 第 86 行.
NOTIC: [8] Use of undefined constant parent_id - assumed 'parent_id' C:\wamp64\www\shop\Runtime\Cache\Home\2f412aae274b751dca883838bf7e7502.php 第 86 行.
NOTIC: [8] Use of undefined constant cat_id - assumed 'cat_id' C:\wamp64\www\shop\Runtime\Cache\Home\2f412aae274b751dca883838bf7e7502.php 第 86 行.
NOTIC: [8] Use of undefined constant parent_id - assumed 'parent_id' C:\wamp64\www\shop\Runtime\Cache\Home\2f412aae274b751dca883838bf7e7502.php 第 86 行.
NOTIC: [8] Use of undefined constant cat_id - assumed 'cat_id' C:\wamp64\www\shop\Runtime\Cache\Home\2f412aae274b751dca883838bf7e7502.php 第 86 行.
NOTIC: [8] Use of undefined constant parent_id - assumed 'parent_id' C:\wamp64\www\shop\Runtime\Cache\Home\2f412aae274b751dca883838bf7e7502.php 第 86 行.
NOTIC: [8] Use of undefined constant cat_id - assumed 'cat_id' C:\wamp64\www\shop\Runtime\Cache\Home\2f412aae274b751dca883838bf7e7502.php 第 86 行.
NOTIC: [8] Use of undefined constant parent_id - assumed 'parent_id' C:\wamp64\www\shop\Runtime\Cache\Home\2f412aae274b751dca883838bf7e7502.php 第 86 行.
NOTIC: [8] Use of undefined constant cat_id - assumed 'cat_id' C:\wamp64\www\shop\Runtime\Cache\Home\2f412aae274b751dca883838bf7e7502.php 第 86 行.
NOTIC: [8] Use of undefined constant parent_id - assumed 'parent_id' C:\wamp64\www\shop\Runtime\Cache\Home\2f412aae274b751dca883838bf7e7502.php 第 86 行.
NOTIC: [8] Use of undefined constant cat_id - assumed 'cat_id' C:\wamp64\www\shop\Runtime\Cache\Home\2f412aae274b751dca883838bf7e7502.php 第 86 行.
NOTIC: [8] Use of undefined constant parent_id - assumed 'parent_id' C:\wamp64\www\shop\Runtime\Cache\Home\2f412aae274b751dca883838bf7e7502.php 第 86 行.
NOTIC: [8] Use of undefined constant cat_id - assumed 'cat_id' C:\wamp64\www\shop\Runtime\Cache\Home\2f412aae274b751dca883838bf7e7502.php 第 86 行.
NOTIC: [8] Use of undefined constant parent_id - assumed 'parent_id' C:\wamp64\www\shop\Runtime\Cache\Home\2f412aae274b751dca883838bf7e7502.php 第 86 行.
NOTIC: [8] Use of undefined constant cat_id - assumed 'cat_id' C:\wamp64\www\shop\Runtime\Cache\Home\2f412aae274b751dca883838bf7e7502.php 第 86 行.
NOTIC: [8] Use of undefined constant parent_id - assumed 'parent_id' C:\wamp64\www\shop\Runtime\Cache\Home\2f412aae274b751dca883838bf7e7502.php 第 86 行.
NOTIC: [8] Use of undefined constant cat_id - assumed 'cat_id' C:\wamp64\www\shop\Runtime\Cache\Home\2f412aae274b751dca883838bf7e7502.php 第 86 行.
NOTIC: [8] Use of undefined constant parent_id - assumed 'parent_id' C:\wamp64\www\shop\Runtime\Cache\Home\2f412aae274b751dca883838bf7e7502.php 第 86 行.
NOTIC: [8] Use of undefined constant cat_id - assumed 'cat_id' C:\wamp64\www\shop\Runtime\Cache\Home\2f412aae274b751dca883838bf7e7502.php 第 86 行.
NOTIC: [8] Use of undefined constant cat_id - assumed 'cat_id' C:\wamp64\www\shop\Runtime\Cache\Home\2f412aae274b751dca883838bf7e7502.php 第 86 行.
NOTIC: [8] Use of undefined constant parent_id - assumed 'parent_id' C:\wamp64\www\shop\Runtime\Cache\Home\2f412aae274b751dca883838bf7e7502.php 第 86 行.
NOTIC: [8] Use of undefined constant cat_id - assumed 'cat_id' C:\wamp64\www\shop\Runtime\Cache\Home\2f412aae274b751dca883838bf7e7502.php 第 86 行.
NOTIC: [8] Use of undefined constant cat_id - assumed 'cat_id' C:\wamp64\www\shop\Runtime\Cache\Home\2f412aae274b751dca883838bf7e7502.php 第 86 行.
NOTIC: [8] Use of undefined constant parent_id - assumed 'parent_id' C:\wamp64\www\shop\Runtime\Cache\Home\2f412aae274b751dca883838bf7e7502.php 第 86 行.
NOTIC: [8] Use of undefined constant cat_id - assumed 'cat_id' C:\wamp64\www\shop\Runtime\Cache\Home\2f412aae274b751dca883838bf7e7502.php 第 86 行.
NOTIC: [8] Use of undefined constant cat_id - assumed 'cat_id' C:\wamp64\www\shop\Runtime\Cache\Home\2f412aae274b751dca883838bf7e7502.php 第 86 行.
NOTIC: [8] Use of undefined constant parent_id - assumed 'parent_id' C:\wamp64\www\shop\Runtime\Cache\Home\2f412aae274b751dca883838bf7e7502.php 第 86 行.
NOTIC: [8] Use of undefined constant cat_id - assumed 'cat_id' C:\wamp64\www\shop\Runtime\Cache\Home\2f412aae274b751dca883838bf7e7502.php 第 86 行.
NOTIC: [8] Use of undefined constant cat_id - assumed 'cat_id' C:\wamp64\www\shop\Runtime\Cache\Home\2f412aae274b751dca883838bf7e7502.php 第 86 行.
NOTIC: [8] Use of undefined constant parent_id - assumed 'parent_id' C:\wamp64\www\shop\Runtime\Cache\Home\2f412aae274b751dca883838bf7e7502.php 第 86 行.
NOTIC: [8] Use of undefined constant cat_id - assumed 'cat_id' C:\wamp64\www\shop\Runtime\Cache\Home\2f412aae274b751dca883838bf7e7502.php 第 86 行.
NOTIC: [8] Use of undefined constant parent_id - assumed 'parent_id' C:\wamp64\www\shop\Runtime\Cache\Home\2f412aae274b751dca883838bf7e7502.php 第 86 行.
NOTIC: [8] Use of undefined constant cat_id - assumed 'cat_id' C:\wamp64\www\shop\Runtime\Cache\Home\2f412aae274b751dca883838bf7e7502.php 第 86 行.
NOTIC: [8] Use of undefined constant parent_id - assumed 'parent_id' C:\wamp64\www\shop\Runtime\Cache\Home\2f412aae274b751dca883838bf7e7502.php 第 86 行.
NOTIC: [8] Use of undefined constant cat_id - assumed 'cat_id' C:\wamp64\www\shop\Runtime\Cache\Home\2f412aae274b751dca883838bf7e7502.php 第 86 行.
NOTIC: [8] Use of undefined constant parent_id - assumed 'parent_id' C:\wamp64\www\shop\Runtime\Cache\Home\2f412aae274b751dca883838bf7e7502.php 第 86 行.
NOTIC: [8] Use of undefined constant cat_id - assumed 'cat_id' C:\wamp64\www\shop\Runtime\Cache\Home\2f412aae274b751dca883838bf7e7502.php 第 86 行.
NOTIC: [8] Use of undefined constant parent_id - assumed 'parent_id' C:\wamp64\www\shop\Runtime\Cache\Home\2f412aae274b751dca883838bf7e7502.php 第 86 行.
NOTIC: [8] Use of undefined constant cat_id - assumed 'cat_id' C:\wamp64\www\shop\Runtime\Cache\Home\2f412aae274b751dca883838bf7e7502.php 第 86 行.
NOTIC: [8] Use of undefined constant parent_id - assumed 'parent_id' C:\wamp64\www\shop\Runtime\Cache\Home\2f412aae274b751dca883838bf7e7502.php 第 86 行.
NOTIC: [8] Use of undefined constant cat_id - assumed 'cat_id' C:\wamp64\www\shop\Runtime\Cache\Home\2f412aae274b751dca883838bf7e7502.php 第 86 行.
NOTIC: [8] Use of undefined constant parent_id - assumed 'parent_id' C:\wamp64\www\shop\Runtime\Cache\Home\2f412aae274b751dca883838bf7e7502.php 第 86 行.
NOTIC: [8] Use of undefined constant cat_id - assumed 'cat_id' C:\wamp64\www\shop\Runtime\Cache\Home\2f412aae274b751dca883838bf7e7502.php 第 86 行.
NOTIC: [8] Use of undefined constant parent_id - assumed 'parent_id' C:\wamp64\www\shop\Runtime\Cache\Home\2f412aae274b751dca883838bf7e7502.php 第 86 行.
NOTIC: [8] Use of undefined constant cat_id - assumed 'cat_id' C:\wamp64\www\shop\Runtime\Cache\Home\2f412aae274b751dca883838bf7e7502.php 第 86 行.
NOTIC: [8] Use of undefined constant parent_id - assumed 'parent_id' C:\wamp64\www\shop\Runtime\Cache\Home\2f412aae274b751dca883838bf7e7502.php 第 86 行.
NOTIC: [8] Use of undefined constant cat_id - assumed 'cat_id' C:\wamp64\www\shop\Runtime\Cache\Home\2f412aae274b751dca883838bf7e7502.php 第 86 行.
NOTIC: [8] Use of undefined constant parent_id - assumed 'parent_id' C:\wamp64\www\shop\Runtime\Cache\Home\2f412aae274b751dca883838bf7e7502.php 第 86 行.
NOTIC: [8] Use of undefined constant cat_id - assumed 'cat_id' C:\wamp64\www\shop\Runtime\Cache\Home\2f412aae274b751dca883838bf7e7502.php 第 86 行.
NOTIC: [8] Use of undefined constant parent_id - assumed 'parent_id' C:\wamp64\www\shop\Runtime\Cache\Home\2f412aae274b751dca883838bf7e7502.php 第 86 行.
NOTIC: [8] Use of undefined constant cat_id - assumed 'cat_id' C:\wamp64\www\shop\Runtime\Cache\Home\2f412aae274b751dca883838bf7e7502.php 第 86 行.
NOTIC: [8] Use of undefined constant parent_id - assumed 'parent_id' C:\wamp64\www\shop\Runtime\Cache\Home\2f412aae274b751dca883838bf7e7502.php 第 86 行.
NOTIC: [8] Use of undefined constant cat_id - assumed 'cat_id' C:\wamp64\www\shop\Runtime\Cache\Home\2f412aae274b751dca883838bf7e7502.php 第 86 行.
NOTIC: [8] Use of undefined constant parent_id - assumed 'parent_id' C:\wamp64\www\shop\Runtime\Cache\Home\2f412aae274b751dca883838bf7e7502.php 第 86 行.
NOTIC: [8] Use of undefined constant cat_id - assumed 'cat_id' C:\wamp64\www\shop\Runtime\Cache\Home\2f412aae274b751dca883838bf7e7502.php 第 86 行.
NOTIC: [8] Use of undefined constant parent_id - assumed 'parent_id' C:\wamp64\www\shop\Runtime\Cache\Home\2f412aae274b751dca883838bf7e7502.php 第 86 行.
NOTIC: [8] Use of undefined constant cat_id - assumed 'cat_id' C:\wamp64\www\shop\Runtime\Cache\Home\2f412aae274b751dca883838bf7e7502.php 第 86 行.
NOTIC: [8] Use of undefined constant parent_id - assumed 'parent_id' C:\wamp64\www\shop\Runtime\Cache\Home\2f412aae274b751dca883838bf7e7502.php 第 86 行.
NOTIC: [8] Use of undefined constant cat_id - assumed 'cat_id' C:\wamp64\www\shop\Runtime\Cache\Home\2f412aae274b751dca883838bf7e7502.php 第 86 行.
NOTIC: [8] Use of undefined constant parent_id - assumed 'parent_id' C:\wamp64\www\shop\Runtime\Cache\Home\2f412aae274b751dca883838bf7e7502.php 第 86 行.
NOTIC: [8] Use of undefined constant cat_id - assumed 'cat_id' C:\wamp64\www\shop\Runtime\Cache\Home\2f412aae274b751dca883838bf7e7502.php 第 86 行.
NOTIC: [8] Use of undefined constant parent_id - assumed 'parent_id' C:\wamp64\www\shop\Runtime\Cache\Home\2f412aae274b751dca883838bf7e7502.php 第 86 行.
NOTIC: [8] Use of undefined constant cat_id - assumed 'cat_id' C:\wamp64\www\shop\Runtime\Cache\Home\2f412aae274b751dca883838bf7e7502.php 第 86 行.
NOTIC: [8] Use of undefined constant cat_id - assumed 'cat_id' C:\wamp64\www\shop\Runtime\Cache\Home\2f412aae274b751dca883838bf7e7502.php 第 86 行.
NOTIC: [8] Use of undefined constant parent_id - assumed 'parent_id' C:\wamp64\www\shop\Runtime\Cache\Home\2f412aae274b751dca883838bf7e7502.php 第 86 行.
NOTIC: [8] Use of undefined constant cat_id - assumed 'cat_id' C:\wamp64\www\shop\Runtime\Cache\Home\2f412aae274b751dca883838bf7e7502.php 第 86 行.
NOTIC: [8] Use of undefined constant cat_id - assumed 'cat_id' C:\wamp64\www\shop\Runtime\Cache\Home\2f412aae274b751dca883838bf7e7502.php 第 86 行.
NOTIC: [8] Use of undefined constant parent_id - assumed 'parent_id' C:\wamp64\www\shop\Runtime\Cache\Home\2f412aae274b751dca883838bf7e7502.php 第 86 行.
NOTIC: [8] Use of undefined constant cat_id - assumed 'cat_id' C:\wamp64\www\shop\Runtime\Cache\Home\2f412aae274b751dca883838bf7e7502.php 第 86 行.
NOTIC: [8] Use of undefined constant cat_id - assumed 'cat_id' C:\wamp64\www\shop\Runtime\Cache\Home\2f412aae274b751dca883838bf7e7502.php 第 86 行.
NOTIC: [8] Use of undefined constant parent_id - assumed 'parent_id' C:\wamp64\www\shop\Runtime\Cache\Home\2f412aae274b751dca883838bf7e7502.php 第 86 行.
NOTIC: [8] Use of undefined constant cat_id - assumed 'cat_id' C:\wamp64\www\shop\Runtime\Cache\Home\2f412aae274b751dca883838bf7e7502.php 第 86 行.
NOTIC: [8] Use of undefined constant goods_id - assumed 'goods_id' C:\wamp64\www\shop\Runtime\Cache\Home\2f412aae274b751dca883838bf7e7502.php 第 198 行.
NOTIC: [8] Use of undefined constant thumb_img - assumed 'thumb_img' C:\wamp64\www\shop\Runtime\Cache\Home\2f412aae274b751dca883838bf7e7502.php 第 198 行.
NOTIC: [8] Use of undefined constant market_price - assumed 'market_price' C:\wamp64\www\shop\Runtime\Cache\Home\2f412aae274b751dca883838bf7e7502.php 第 200 行.
NOTIC: [8] Use of undefined constant shop_price - assumed 'shop_price' C:\wamp64\www\shop\Runtime\Cache\Home\2f412aae274b751dca883838bf7e7502.php 第 201 行.
NOTIC: [8] Use of undefined constant goods_id - assumed 'goods_id' C:\wamp64\www\shop\Runtime\Cache\Home\2f412aae274b751dca883838bf7e7502.php 第 198 行.
NOTIC: [8] Use of undefined constant thumb_img - assumed 'thumb_img' C:\wamp64\www\shop\Runtime\Cache\Home\2f412aae274b751dca883838bf7e7502.php 第 198 行.
NOTIC: [8] Use of undefined constant market_price - assumed 'market_price' C:\wamp64\www\shop\Runtime\Cache\Home\2f412aae274b751dca883838bf7e7502.php 第 200 行.
NOTIC: [8] Use of undefined constant shop_price - assumed 'shop_price' C:\wamp64\www\shop\Runtime\Cache\Home\2f412aae274b751dca883838bf7e7502.php 第 201 行.
NOTIC: [8] Use of undefined constant goods_id - assumed 'goods_id' C:\wamp64\www\shop\Runtime\Cache\Home\2f412aae274b751dca883838bf7e7502.php 第 198 行.
NOTIC: [8] Use of undefined constant thumb_img - assumed 'thumb_img' C:\wamp64\www\shop\Runtime\Cache\Home\2f412aae274b751dca883838bf7e7502.php 第 198 行.
NOTIC: [8] Use of undefined constant market_price - assumed 'market_price' C:\wamp64\www\shop\Runtime\Cache\Home\2f412aae274b751dca883838bf7e7502.php 第 200 行.
NOTIC: [8] Use of undefined constant shop_price - assumed 'shop_price' C:\wamp64\www\shop\Runtime\Cache\Home\2f412aae274b751dca883838bf7e7502.php 第 201 行.
NOTIC: [8] Use of undefined constant goods_id - assumed 'goods_id' C:\wamp64\www\shop\Runtime\Cache\Home\2f412aae274b751dca883838bf7e7502.php 第 198 行.
NOTIC: [8] Use of undefined constant thumb_img - assumed 'thumb_img' C:\wamp64\www\shop\Runtime\Cache\Home\2f412aae274b751dca883838bf7e7502.php 第 198 行.
NOTIC: [8] Use of undefined constant market_price - assumed 'market_price' C:\wamp64\www\shop\Runtime\Cache\Home\2f412aae274b751dca883838bf7e7502.php 第 200 行.
NOTIC: [8] Use of undefined constant shop_price - assumed 'shop_price' C:\wamp64\www\shop\Runtime\Cache\Home\2f412aae274b751dca883838bf7e7502.php 第 201 行.
INFO: Run Behavior\ParseTemplateBehavior [ RunTime:0.029002s ]
INFO: [ view_parse ] --END-- [ RunTime:0.029002s ]
INFO: [ view_filter ] --START--
INFO: Run Behavior\WriteHtmlCacheBehavior [ RunTime:0.001000s ]
INFO: [ view_filter ] --END-- [ RunTime:0.001000s ]
INFO: [ app_end ] --START--
INFO: Run Behavior\ShowPageTraceBehavior [ RunTime:0.001000s ]
INFO: [ app_end ] --END-- [ RunTime:0.001000s ]

[ 2017-02-10T12:01:41+08:00 ] 127.0.0.1 /Home/cat/cat/cat_id/5.html
INFO: [ app_init ] --START--
INFO: Run Behavior\BuildLiteBehavior [ RunTime:0.000000s ]
INFO: [ app_init ] --END-- [ RunTime:0.000000s ]
INFO: [ app_begin ] --START--
INFO: Run Behavior\ReadHtmlCacheBehavior [ RunTime:0.000000s ]
INFO: [ app_begin ] --END-- [ RunTime:0.000000s ]
SQL: SHOW COLUMNS FROM `goods` [ RunTime:0.0020s ]
SQL: SELECT COUNT(*) AS tp_count FROM `goods` WHERE ( cat_id=5 ) LIMIT 1   [ RunTime:0.0030s ]
SQL: SELECT `goods_id`,`goods_name`,`shop_price`,`thumb_img`,`market_price` FROM `goods` WHERE ( cat_id=5 ) LIMIT 0,2   [ RunTime:0.0010s ]
INFO: [ view_parse ] --START--
INFO: [ template_filter ] --START--
INFO: Run Behavior\ContentReplaceBehavior [ RunTime:0.001000s ]
INFO: [ template_filter ] --END-- [ RunTime:0.001000s ]
INFO: Run Behavior\ParseTemplateBehavior [ RunTime:0.012000s ]
INFO: [ view_parse ] --END-- [ RunTime:0.012000s ]
INFO: [ view_filter ] --START--
INFO: Run Behavior\WriteHtmlCacheBehavior [ RunTime:0.000000s ]
INFO: [ view_filter ] --END-- [ RunTime:0.000000s ]
INFO: [ app_end ] --START--
INFO: Run Behavior\ShowPageTraceBehavior [ RunTime:0.001000s ]
INFO: [ app_end ] --END-- [ RunTime:0.001000s ]

[ 2017-02-10T12:01:41+08:00 ] 127.0.0.1 /Home/cat/cat/cat_id/themes/68ecshop_hechafree/images/sdgg.gif
INFO: [ app_init ] --START--
INFO: Run Behavior\BuildLiteBehavior [ RunTime:0.000000s ]
INFO: [ app_init ] --END-- [ RunTime:0.001000s ]

[ 2017-02-10T12:01:41+08:00 ] 127.0.0.1 /Home/cat/cat/cat_id/api/cron.php-t=1452023217
INFO: [ app_init ] --START--
INFO: Run Behavior\BuildLiteBehavior [ RunTime:0.001000s ]
INFO: [ app_init ] --END-- [ RunTime:0.001000s ]
INFO: [ app_begin ] --START--
INFO: Run Behavior\ReadHtmlCacheBehavior [ RunTime:0.001000s ]
INFO: [ app_begin ] --END-- [ RunTime:0.001000s ]
SQL: SHOW COLUMNS FROM `goods` [ RunTime:0.0010s ]
ERR: 1054:Unknown column 'api' in 'where clause'
 [ SQL语句 ] : SELECT COUNT(*) AS tp_count FROM `goods` WHERE ( cat_id=api ) LIMIT 1  
ERR: 1054:Unknown column 'api' in 'where clause'
 [ SQL语句 ] : SELECT COUNT(*) AS tp_count FROM `goods` WHERE ( cat_id=api ) LIMIT 1  

[ 2017-02-10T12:01:42+08:00 ] 127.0.0.1 /Home/cat/cat/cat_id/5.html
INFO: [ app_init ] --START--
INFO: Run Behavior\BuildLiteBehavior [ RunTime:0.000000s ]
INFO: [ app_init ] --END-- [ RunTime:0.001000s ]
INFO: [ app_begin ] --START--
INFO: Run Behavior\ReadHtmlCacheBehavior [ RunTime:0.001000s ]
INFO: [ app_begin ] --END-- [ RunTime:0.001000s ]
SQL: SHOW COLUMNS FROM `goods` [ RunTime:0.0010s ]
SQL: SELECT COUNT(*) AS tp_count FROM `goods` WHERE ( cat_id=5 ) LIMIT 1   [ RunTime:0.0010s ]
SQL: SELECT `goods_id`,`goods_name`,`shop_price`,`thumb_img`,`market_price` FROM `goods` WHERE ( cat_id=5 ) LIMIT 0,2   [ RunTime:0.0000s ]
INFO: [ view_parse ] --START--
INFO: [ template_filter ] --START--
INFO: Run Behavior\ContentReplaceBehavior [ RunTime:0.000000s ]
INFO: [ template_filter ] --END-- [ RunTime:0.000000s ]
INFO: Run Behavior\ParseTemplateBehavior [ RunTime:0.013001s ]
INFO: [ view_parse ] --END-- [ RunTime:0.013001s ]
INFO: [ view_filter ] --START--
INFO: Run Behavior\WriteHtmlCacheBehavior [ RunTime:0.000000s ]
INFO: [ view_filter ] --END-- [ RunTime:0.000000s ]
INFO: [ app_end ] --START--
INFO: Run Behavior\ShowPageTraceBehavior [ RunTime:0.001000s ]
INFO: [ app_end ] --END-- [ RunTime:0.001000s ]

[ 2017-02-10T12:01:42+08:00 ] 127.0.0.1 /Home/cat/cat/cat_id/5.html
INFO: [ app_init ] --START--
INFO: Run Behavior\BuildLiteBehavior [ RunTime:0.000000s ]
INFO: [ app_init ] --END-- [ RunTime:0.000000s ]
INFO: [ app_begin ] --START--
INFO: Run Behavior\ReadHtmlCacheBehavior [ RunTime:0.000000s ]
INFO: [ app_begin ] --END-- [ RunTime:0.000000s ]
SQL: SHOW COLUMNS FROM `goods` [ RunTime:0.0000s ]
SQL: SELECT COUNT(*) AS tp_count FROM `goods` WHERE ( cat_id=5 ) LIMIT 1   [ RunTime:0.0000s ]
SQL: SELECT `goods_id`,`goods_name`,`shop_price`,`thumb_img`,`market_price` FROM `goods` WHERE ( cat_id=5 ) LIMIT 0,2   [ RunTime:0.0000s ]
INFO: [ view_parse ] --START--
INFO: [ template_filter ] --START--
INFO: Run Behavior\ContentReplaceBehavior [ RunTime:0.000000s ]
INFO: [ template_filter ] --END-- [ RunTime:0.000000s ]
INFO: Run Behavior\ParseTemplateBehavior [ RunTime:0.015600s ]
INFO: [ view_parse ] --END-- [ RunTime:0.015600s ]
INFO: [ view_filter ] --START--
INFO: Run Behavior\WriteHtmlCacheBehavior [ RunTime:0.000000s ]
INFO: [ view_filter ] --END-- [ RunTime:0.000000s ]
INFO: [ app_end ] --START--
INFO: Run Behavior\ShowPageTraceBehavior [ RunTime:0.000000s ]
INFO: [ app_end ] --END-- [ RunTime:0.000000s ]

[ 2017-02-10T12:01:43+08:00 ] 127.0.0.1 /Home/cat/cat/cat_id/5.html
INFO: [ app_init ] --START--
INFO: Run Behavior\BuildLiteBehavior [ RunTime:0.000000s ]
INFO: [ app_init ] --END-- [ RunTime:0.000000s ]
INFO: [ app_begin ] --START--
INFO: Run Behavior\ReadHtmlCacheBehavior [ RunTime:0.000000s ]
INFO: [ app_begin ] --END-- [ RunTime:0.000000s ]
SQL: SHOW COLUMNS FROM `goods` [ RunTime:0.0020s ]
SQL: SELECT COUNT(*) AS tp_count FROM `goods` WHERE ( cat_id=5 ) LIMIT 1   [ RunTime:0.0010s ]
SQL: SELECT `goods_id`,`goods_name`,`shop_price`,`thumb_img`,`market_price` FROM `goods` WHERE ( cat_id=5 ) LIMIT 0,2   [ RunTime:0.0000s ]
INFO: [ view_parse ] --START--
INFO: [ template_filter ] --START--
INFO: Run Behavior\ContentReplaceBehavior [ RunTime:0.001000s ]
INFO: [ template_filter ] --END-- [ RunTime:0.001000s ]
INFO: Run Behavior\ParseTemplateBehavior [ RunTime:0.010001s ]
INFO: [ view_parse ] --END-- [ RunTime:0.010001s ]
INFO: [ view_filter ] --START--
INFO: Run Behavior\WriteHtmlCacheBehavior [ RunTime:0.001000s ]
INFO: [ view_filter ] --END-- [ RunTime:0.001000s ]
INFO: [ app_end ] --START--
INFO: Run Behavior\ShowPageTraceBehavior [ RunTime:0.003000s ]
INFO: [ app_end ] --END-- [ RunTime:0.003000s ]

[ 2017-02-10T12:01:43+08:00 ] 127.0.0.1 /Home/cat/cat/cat_id/themes/68ecshop_hechafree/images/sdgg.gif
INFO: [ app_init ] --START--
INFO: Run Behavior\BuildLiteBehavior [ RunTime:0.001000s ]
INFO: [ app_init ] --END-- [ RunTime:0.001000s ]

[ 2017-02-10T12:01:43+08:00 ] 127.0.0.1 /Home/cat/cat/cat_id/api/cron.php-t=1452023217
INFO: [ app_init ] --START--
INFO: Run Behavior\BuildLiteBehavior [ RunTime:0.000000s ]
INFO: [ app_init ] --END-- [ RunTime:0.001000s ]
INFO: [ app_begin ] --START--
INFO: Run Behavior\ReadHtmlCacheBehavior [ RunTime:0.001000s ]
INFO: [ app_begin ] --END-- [ RunTime:0.001000s ]
SQL: SHOW COLUMNS FROM `goods` [ RunTime:0.0010s ]
ERR: 1054:Unknown column 'api' in 'where clause'
 [ SQL语句 ] : SELECT COUNT(*) AS tp_count FROM `goods` WHERE ( cat_id=api ) LIMIT 1  
ERR: 1054:Unknown column 'api' in 'where clause'
 [ SQL语句 ] : SELECT COUNT(*) AS tp_count FROM `goods` WHERE ( cat_id=api ) LIMIT 1  

[ 2017-02-10T12:01:44+08:00 ] 127.0.0.1 /Home/cat/cat/cat_id/5.html
INFO: [ app_init ] --START--
INFO: Run Behavior\BuildLiteBehavior [ RunTime:0.001001s ]
INFO: [ app_init ] --END-- [ RunTime:0.001001s ]
INFO: [ app_begin ] --START--
INFO: Run Behavior\ReadHtmlCacheBehavior [ RunTime:0.000000s ]
INFO: [ app_begin ] --END-- [ RunTime:0.001000s ]
SQL: SHOW COLUMNS FROM `goods` [ RunTime:0.0010s ]
SQL: SELECT COUNT(*) AS tp_count FROM `goods` WHERE ( cat_id=5 ) LIMIT 1   [ RunTime:0.0000s ]
SQL: SELECT `goods_id`,`goods_name`,`shop_price`,`thumb_img`,`market_price` FROM `goods` WHERE ( cat_id=5 ) LIMIT 0,2   [ RunTime:0.0000s ]
INFO: [ view_parse ] --START--
INFO: [ template_filter ] --START--
INFO: Run Behavior\ContentReplaceBehavior [ RunTime:0.000000s ]
INFO: [ template_filter ] --END-- [ RunTime:0.000000s ]
INFO: Run Behavior\ParseTemplateBehavior [ RunTime:0.011001s ]
INFO: [ view_parse ] --END-- [ RunTime:0.011001s ]
INFO: [ view_filter ] --START--
INFO: Run Behavior\WriteHtmlCacheBehavior [ RunTime:0.000000s ]
INFO: [ view_filter ] --END-- [ RunTime:0.000000s ]
INFO: [ app_end ] --START--
INFO: Run Behavior\ShowPageTraceBehavior [ RunTime:0.001000s ]
INFO: [ app_end ] --END-- [ RunTime:0.001000s ]

[ 2017-02-10T12:01:44+08:00 ] 127.0.0.1 /Home/cat/cat/cat_id/5.html
INFO: [ app_init ] --START--
INFO: Run Behavior\BuildLiteBehavior [ RunTime:0.000000s ]
INFO: [ app_init ] --END-- [ RunTime:0.000000s ]
INFO: [ app_begin ] --START--
INFO: Run Behavior\ReadHtmlCacheBehavior [ RunTime:0.000000s ]
INFO: [ app_begin ] --END-- [ RunTime:0.000000s ]
SQL: SHOW COLUMNS FROM `goods` [ RunTime:0.0000s ]
SQL: SELECT COUNT(*) AS tp_count FROM `goods` WHERE ( cat_id=5 ) LIMIT 1   [ RunTime:0.0000s ]
SQL: SELECT `goods_id`,`goods_name`,`shop_price`,`thumb_img`,`market_price` FROM `goods` WHERE ( cat_id=5 ) LIMIT 0,2   [ RunTime:0.0000s ]
INFO: [ view_parse ] --START--
INFO: [ template_filter ] --START--
INFO: Run Behavior\ContentReplaceBehavior [ RunTime:0.000000s ]
INFO: [ template_filter ] --END-- [ RunTime:0.000000s ]
INFO: Run Behavior\ParseTemplateBehavior [ RunTime:0.015600s ]
INFO: [ view_parse ] --END-- [ RunTime:0.015600s ]
INFO: [ view_filter ] --START--
INFO: Run Behavior\WriteHtmlCacheBehavior [ RunTime:0.000000s ]
INFO: [ view_filter ] --END-- [ RunTime:0.000000s ]
INFO: [ app_end ] --START--
INFO: Run Behavior\ShowPageTraceBehavior [ RunTime:0.000000s ]
INFO: [ app_end ] --END-- [ RunTime:0.000000s ]

[ 2017-02-10T12:01:46+08:00 ] 127.0.0.1 /Home/goods/goods/goods_id/41.html
INFO: [ app_init ] --START--
INFO: Run Behavior\BuildLiteBehavior [ RunTime:0.000000s ]
INFO: [ app_init ] --END-- [ RunTime:0.000000s ]
INFO: [ app_begin ] --START--
INFO: Run Behavior\ReadHtmlCacheBehavior [ RunTime:0.000000s ]
INFO: [ app_begin ] --END-- [ RunTime:0.000000s ]
SQL: SHOW COLUMNS FROM `goods` [ RunTime:0.0010s ]
SQL: SELECT * FROM `goods` WHERE `goods_id` = 41 LIMIT 1   [ RunTime:0.0010s ]
SQL: SHOW COLUMNS FROM `comment` [ RunTime:0.0040s ]
SQL: SELECT * FROM `comment` WHERE ( 1=1 AND goods_id='41' )  [ RunTime:0.0010s ]
SQL: SHOW COLUMNS FROM `cat` [ RunTime:0.0010s ]
SQL: SELECT * FROM `cat`  [ RunTime:0.0000s ]
SQL: SELECT * FROM `cat`  [ RunTime:0.0000s ]
SQL: SELECT * FROM `cat`  [ RunTime:0.0000s ]
INFO: [ view_parse ] --START--
INFO: [ template_filter ] --START--
INFO: Run Behavior\ContentReplaceBehavior [ RunTime:0.000000s ]
INFO: [ template_filter ] --END-- [ RunTime:0.001000s ]
NOTIC: [8] Use of undefined constant goods_img - assumed 'goods_img' C:\wamp64\www\shop\Runtime\Cache\Home\4b285c522b6ad877f6a5a13ff3f9c885.php 第 79 行.
NOTIC: [8] Use of undefined constant goods_name - assumed 'goods_name' C:\wamp64\www\shop\Runtime\Cache\Home\4b285c522b6ad877f6a5a13ff3f9c885.php 第 115 行.
NOTIC: [8] Use of undefined constant goods_desc - assumed 'goods_desc' C:\wamp64\www\shop\Runtime\Cache\Home\4b285c522b6ad877f6a5a13ff3f9c885.php 第 118 行.
INFO: Run Behavior\ParseTemplateBehavior [ RunTime:0.026002s ]
INFO: [ view_parse ] --END-- [ RunTime:0.026002s ]
INFO: [ view_filter ] --START--
INFO: Run Behavior\WriteHtmlCacheBehavior [ RunTime:0.001000s ]
INFO: [ view_filter ] --END-- [ RunTime:0.001000s ]
INFO: [ app_end ] --START--
INFO: Run Behavior\ShowPageTraceBehavior [ RunTime:0.001000s ]
INFO: [ app_end ] --END-- [ RunTime:0.001000s ]

[ 2017-02-10T12:01:46+08:00 ] 127.0.0.1 /Home/goods/goods/goods_id/api/cron.php-t=1452023217
INFO: [ app_init ] --START--
INFO: Run Behavior\BuildLiteBehavior [ RunTime:0.001000s ]
INFO: [ app_init ] --END-- [ RunTime:0.001000s ]
INFO: [ app_begin ] --START--
INFO: Run Behavior\ReadHtmlCacheBehavior [ RunTime:0.001000s ]
INFO: [ app_begin ] --END-- [ RunTime:0.001000s ]
SQL: SHOW COLUMNS FROM `goods` [ RunTime:0.0010s ]
SQL: SELECT * FROM `goods` WHERE `goods_id` = 0 LIMIT 1   [ RunTime:0.0010s ]
SQL: SHOW COLUMNS FROM `cat` [ RunTime:0.0010s ]
SQL: SELECT * FROM `cat`  [ RunTime:0.0000s ]
INFO: [ view_parse ] --START--
INFO: [ template_filter ] --START--
INFO: Run Behavior\ContentReplaceBehavior [ RunTime:0.000000s ]
INFO: [ template_filter ] --END-- [ RunTime:0.001000s ]
NOTIC: [8] Use of undefined constant goods_img - assumed 'goods_img' C:\wamp64\www\shop\Runtime\Cache\Home\4b285c522b6ad877f6a5a13ff3f9c885.php 第 79 行.
NOTIC: [8] Use of undefined constant goods_name - assumed 'goods_name' C:\wamp64\www\shop\Runtime\Cache\Home\4b285c522b6ad877f6a5a13ff3f9c885.php 第 115 行.
NOTIC: [8] Use of undefined constant goods_desc - assumed 'goods_desc' C:\wamp64\www\shop\Runtime\Cache\Home\4b285c522b6ad877f6a5a13ff3f9c885.php 第 118 行.
INFO: Run Behavior\ParseTemplateBehavior [ RunTime:0.033002s ]
INFO: [ view_parse ] --END-- [ RunTime:0.033002s ]
INFO: [ view_filter ] --START--
INFO: Run Behavior\WriteHtmlCacheBehavior [ RunTime:0.000000s ]
INFO: [ view_filter ] --END-- [ RunTime:0.000000s ]
INFO: [ app_end ] --START--
INFO: Run Behavior\ShowPageTraceBehavior [ RunTime:0.001000s ]
INFO: [ app_end ] --END-- [ RunTime:0.001000s ]

[ 2017-02-10T12:01:46+08:00 ] 127.0.0.1 /Home/goods/goods/goods_id/api/cron.php-t=1452023217
INFO: [ app_init ] --START--
INFO: Run Behavior\BuildLiteBehavior [ RunTime:0.002000s ]
INFO: [ app_init ] --END-- [ RunTime:0.005000s ]
INFO: [ app_begin ] --START--
INFO: Run Behavior\ReadHtmlCacheBehavior [ RunTime:0.001001s ]
INFO: [ app_begin ] --END-- [ RunTime:0.001001s ]
SQL: SHOW COLUMNS FROM `goods` [ RunTime:0.0030s ]
SQL: SELECT * FROM `goods` WHERE `goods_id` = 0 LIMIT 1   [ RunTime:0.0010s ]
SQL: SHOW COLUMNS FROM `cat` [ RunTime:0.0020s ]
SQL: SELECT * FROM `cat`  [ RunTime:0.0000s ]
INFO: [ view_parse ] --START--
INFO: [ template_filter ] --START--
INFO: Run Behavior\ContentReplaceBehavior [ RunTime:0.000000s ]
INFO: [ template_filter ] --END-- [ RunTime:0.001000s ]
NOTIC: [8] Use of undefined constant goods_img - assumed 'goods_img' C:\wamp64\www\shop\Runtime\Cache\Home\4b285c522b6ad877f6a5a13ff3f9c885.php 第 79 行.
NOTIC: [8] Use of undefined constant goods_name - assumed 'goods_name' C:\wamp64\www\shop\Runtime\Cache\Home\4b285c522b6ad877f6a5a13ff3f9c885.php 第 115 行.
NOTIC: [8] Use of undefined constant goods_desc - assumed 'goods_desc' C:\wamp64\www\shop\Runtime\Cache\Home\4b285c522b6ad877f6a5a13ff3f9c885.php 第 118 行.
INFO: Run Behavior\ParseTemplateBehavior [ RunTime:0.037002s ]
INFO: [ view_parse ] --END-- [ RunTime:0.038002s ]
INFO: [ view_filter ] --START--
INFO: Run Behavior\WriteHtmlCacheBehavior [ RunTime:0.001000s ]
INFO: [ view_filter ] --END-- [ RunTime:0.001000s ]
INFO: [ app_end ] --START--
INFO: Run Behavior\ShowPageTraceBehavior [ RunTime:0.002001s ]
INFO: [ app_end ] --END-- [ RunTime:0.002001s ]

[ 2017-02-10T12:01:47+08:00 ] 127.0.0.1 /Home/goods/goods/goods_id/41.html
INFO: [ app_init ] --START--
INFO: Run Behavior\BuildLiteBehavior [ RunTime:0.000000s ]
INFO: [ app_init ] --END-- [ RunTime:0.000000s ]
INFO: [ app_begin ] --START--
INFO: Run Behavior\ReadHtmlCacheBehavior [ RunTime:0.000000s ]
INFO: [ app_begin ] --END-- [ RunTime:0.001000s ]
SQL: SHOW COLUMNS FROM `goods` [ RunTime:0.0010s ]
SQL: SELECT * FROM `goods` WHERE `goods_id` = 41 LIMIT 1   [ RunTime:0.0000s ]
SQL: SHOW COLUMNS FROM `comment` [ RunTime:0.0020s ]
SQL: SELECT * FROM `comment` WHERE ( 1=1 AND goods_id='41' )  [ RunTime:0.0010s ]
SQL: SHOW COLUMNS FROM `cat` [ RunTime:0.0020s ]
SQL: SELECT * FROM `cat`  [ RunTime:0.0010s ]
SQL: SELECT * FROM `cat`  [ RunTime:0.0010s ]
SQL: SELECT * FROM `cat`  [ RunTime:0.0000s ]
INFO: [ view_parse ] --START--
INFO: [ template_filter ] --START--
INFO: Run Behavior\ContentReplaceBehavior [ RunTime:0.000000s ]
INFO: [ template_filter ] --END-- [ RunTime:0.001000s ]
NOTIC: [8] Use of undefined constant goods_img - assumed 'goods_img' C:\wamp64\www\shop\Runtime\Cache\Home\4b285c522b6ad877f6a5a13ff3f9c885.php 第 79 行.
NOTIC: [8] Use of undefined constant goods_name - assumed 'goods_name' C:\wamp64\www\shop\Runtime\Cache\Home\4b285c522b6ad877f6a5a13ff3f9c885.php 第 115 行.
NOTIC: [8] Use of undefined constant goods_desc - assumed 'goods_desc' C:\wamp64\www\shop\Runtime\Cache\Home\4b285c522b6ad877f6a5a13ff3f9c885.php 第 118 行.
INFO: Run Behavior\ParseTemplateBehavior [ RunTime:0.032002s ]
INFO: [ view_parse ] --END-- [ RunTime:0.032002s ]
INFO: [ view_filter ] --START--
INFO: Run Behavior\WriteHtmlCacheBehavior [ RunTime:0.000000s ]
INFO: [ view_filter ] --END-- [ RunTime:0.000000s ]
INFO: [ app_end ] --START--
INFO: Run Behavior\ShowPageTraceBehavior [ RunTime:0.000000s ]
INFO: [ app_end ] --END-- [ RunTime:0.000000s ]

[ 2017-02-10T12:01:47+08:00 ] 127.0.0.1 /Home/goods/goods/goods_id/41.html
INFO: [ app_init ] --START--
INFO: Run Behavior\BuildLiteBehavior [ RunTime:0.000000s ]
INFO: [ app_init ] --END-- [ RunTime:0.001000s ]
INFO: [ app_begin ] --START--
INFO: Run Behavior\ReadHtmlCacheBehavior [ RunTime:0.001000s ]
INFO: [ app_begin ] --END-- [ RunTime:0.001000s ]
SQL: SHOW COLUMNS FROM `goods` [ RunTime:0.0010s ]
SQL: SELECT * FROM `goods` WHERE `goods_id` = 41 LIMIT 1   [ RunTime:0.0010s ]
SQL: SHOW COLUMNS FROM `comment` [ RunTime:0.0020s ]
SQL: SELECT * FROM `comment` WHERE ( 1=1 AND goods_id='41' )  [ RunTime:0.0000s ]
SQL: SHOW COLUMNS FROM `cat` [ RunTime:0.0010s ]
SQL: SELECT * FROM `cat`  [ RunTime:0.0000s ]
SQL: SELECT * FROM `cat`  [ RunTime:0.0010s ]
SQL: SELECT * FROM `cat`  [ RunTime:0.0000s ]
INFO: [ view_parse ] --START--
INFO: [ template_filter ] --START--
INFO: Run Behavior\ContentReplaceBehavior [ RunTime:0.000000s ]
INFO: [ template_filter ] --END-- [ RunTime:0.001000s ]
NOTIC: [8] Use of undefined constant goods_img - assumed 'goods_img' C:\wamp64\www\shop\Runtime\Cache\Home\4b285c522b6ad877f6a5a13ff3f9c885.php 第 79 行.
NOTIC: [8] Use of undefined constant goods_name - assumed 'goods_name' C:\wamp64\www\shop\Runtime\Cache\Home\4b285c522b6ad877f6a5a13ff3f9c885.php 第 115 行.
NOTIC: [8] Use of undefined constant goods_desc - assumed 'goods_desc' C:\wamp64\www\shop\Runtime\Cache\Home\4b285c522b6ad877f6a5a13ff3f9c885.php 第 118 行.
INFO: Run Behavior\ParseTemplateBehavior [ RunTime:0.027002s ]
INFO: [ view_parse ] --END-- [ RunTime:0.027002s ]
INFO: [ view_filter ] --START--
INFO: Run Behavior\WriteHtmlCacheBehavior [ RunTime:0.001000s ]
INFO: [ view_filter ] --END-- [ RunTime:0.001000s ]
INFO: [ app_end ] --START--
INFO: Run Behavior\ShowPageTraceBehavior [ RunTime:0.001000s ]
INFO: [ app_end ] --END-- [ RunTime:0.001000s ]

[ 2017-02-10T12:01:57+08:00 ] 127.0.0.1 /Home/Goods/comment.html
INFO: [ app_init ] --START--
INFO: Run Behavior\BuildLiteBehavior [ RunTime:0.000000s ]
INFO: [ app_init ] --END-- [ RunTime:0.000000s ]
INFO: [ app_begin ] --START--
INFO: Run Behavior\ReadHtmlCacheBehavior [ RunTime:0.000000s ]
INFO: [ app_begin ] --END-- [ RunTime:0.000000s ]
SQL: SHOW COLUMNS FROM `comment` [ RunTime:0.0010s ]
SQL: INSERT INTO `comment` (`email`,`goods_id`,`content`,`pubtime`) VALUES ('','41','<p><span style=\"text-decoration: underline;\">dsfasdf&nbsp;</span></p>','1486699317') [ RunTime:0.0010s ]
INFO: [ view_parse ] --START--
INFO: [ template_filter ] --START--
INFO: Run Behavior\ContentReplaceBehavior [ RunTime:0.000000s ]
INFO: [ template_filter ] --END-- [ RunTime:0.000000s ]
INFO: Run Behavior\ParseTemplateBehavior [ RunTime:0.007000s ]
INFO: [ view_parse ] --END-- [ RunTime:0.007000s ]
INFO: [ view_filter ] --START--
INFO: Run Behavior\WriteHtmlCacheBehavior [ RunTime:0.001001s ]
INFO: [ view_filter ] --END-- [ RunTime:0.001001s ]
INFO: [ app_end ] --START--
INFO: Run Behavior\ShowPageTraceBehavior [ RunTime:0.001000s ]
INFO: [ app_end ] --END-- [ RunTime:0.001000s ]

[ 2017-02-10T12:01:59+08:00 ] 127.0.0.1 /Home/goods/goods/goods_id/41.html
INFO: [ app_init ] --START--
INFO: Run Behavior\BuildLiteBehavior [ RunTime:0.000000s ]
INFO: [ app_init ] --END-- [ RunTime:0.000000s ]
INFO: [ app_begin ] --START--
INFO: Run Behavior\ReadHtmlCacheBehavior [ RunTime:0.000000s ]
INFO: [ app_begin ] --END-- [ RunTime:0.000000s ]
SQL: SHOW COLUMNS FROM `goods` [ RunTime:0.0020s ]
SQL: SELECT * FROM `goods` WHERE `goods_id` = 41 LIMIT 1   [ RunTime:0.0000s ]
SQL: SHOW COLUMNS FROM `comment` [ RunTime:0.0010s ]
SQL: SELECT * FROM `comment` WHERE ( 1=1 AND goods_id='41' )  [ RunTime:0.0000s ]
SQL: SHOW COLUMNS FROM `cat` [ RunTime:0.0010s ]
SQL: SELECT * FROM `cat`  [ RunTime:0.0000s ]
SQL: SELECT * FROM `cat`  [ RunTime:0.0000s ]
SQL: SELECT * FROM `cat`  [ RunTime:0.0010s ]
INFO: [ view_parse ] --START--
INFO: [ template_filter ] --START--
INFO: Run Behavior\ContentReplaceBehavior [ RunTime:0.001000s ]
INFO: [ template_filter ] --END-- [ RunTime:0.001000s ]
NOTIC: [8] Use of undefined constant goods_img - assumed 'goods_img' C:\wamp64\www\shop\Runtime\Cache\Home\4b285c522b6ad877f6a5a13ff3f9c885.php 第 79 行.
NOTIC: [8] Use of undefined constant goods_name - assumed 'goods_name' C:\wamp64\www\shop\Runtime\Cache\Home\4b285c522b6ad877f6a5a13ff3f9c885.php 第 115 行.
NOTIC: [8] Use of undefined constant goods_desc - assumed 'goods_desc' C:\wamp64\www\shop\Runtime\Cache\Home\4b285c522b6ad877f6a5a13ff3f9c885.php 第 118 行.
INFO: Run Behavior\ParseTemplateBehavior [ RunTime:0.025002s ]
INFO: [ view_parse ] --END-- [ RunTime:0.025002s ]
INFO: [ view_filter ] --START--
INFO: Run Behavior\WriteHtmlCacheBehavior [ RunTime:0.000000s ]
INFO: [ view_filter ] --END-- [ RunTime:0.000000s ]
INFO: [ app_end ] --START--
INFO: Run Behavior\ShowPageTraceBehavior [ RunTime:0.001000s ]
INFO: [ app_end ] --END-- [ RunTime:0.001000s ]

[ 2017-02-10T12:01:59+08:00 ] 127.0.0.1 /Home/goods/goods/goods_id/api/cron.php-t=1452023217
INFO: [ app_init ] --START--
INFO: Run Behavior\BuildLiteBehavior [ RunTime:0.000000s ]
INFO: [ app_init ] --END-- [ RunTime:0.001000s ]
INFO: [ app_begin ] --START--
INFO: Run Behavior\ReadHtmlCacheBehavior [ RunTime:0.001000s ]
INFO: [ app_begin ] --END-- [ RunTime:0.001000s ]
SQL: SHOW COLUMNS FROM `goods` [ RunTime:0.0010s ]
SQL: SELECT * FROM `goods` WHERE `goods_id` = 0 LIMIT 1   [ RunTime:0.0000s ]
SQL: SHOW COLUMNS FROM `cat` [ RunTime:0.0000s ]
SQL: SELECT * FROM `cat`  [ RunTime:0.0000s ]
INFO: [ view_parse ] --START--
INFO: [ template_filter ] --START--
INFO: Run Behavior\ContentReplaceBehavior [ RunTime:0.001000s ]
INFO: [ template_filter ] --END-- [ RunTime:0.001000s ]
NOTIC: [8] Use of undefined constant goods_img - assumed 'goods_img' C:\wamp64\www\shop\Runtime\Cache\Home\4b285c522b6ad877f6a5a13ff3f9c885.php 第 79 行.
NOTIC: [8] Use of undefined constant goods_name - assumed 'goods_name' C:\wamp64\www\shop\Runtime\Cache\Home\4b285c522b6ad877f6a5a13ff3f9c885.php 第 115 行.
NOTIC: [8] Use of undefined constant goods_desc - assumed 'goods_desc' C:\wamp64\www\shop\Runtime\Cache\Home\4b285c522b6ad877f6a5a13ff3f9c885.php 第 118 行.
INFO: Run Behavior\ParseTemplateBehavior [ RunTime:0.030002s ]
INFO: [ view_parse ] --END-- [ RunTime:0.030002s ]
INFO: [ view_filter ] --START--
INFO: Run Behavior\WriteHtmlCacheBehavior [ RunTime:0.001000s ]
INFO: [ view_filter ] --END-- [ RunTime:0.001000s ]
INFO: [ app_end ] --START--
INFO: Run Behavior\ShowPageTraceBehavior [ RunTime:0.001000s ]
INFO: [ app_end ] --END-- [ RunTime:0.001000s ]

[ 2017-02-10T12:01:59+08:00 ] 127.0.0.1 /Home/goods/goods/goods_id/41.html
INFO: [ app_init ] --START--
INFO: Run Behavior\BuildLiteBehavior [ RunTime:0.000000s ]
INFO: [ app_init ] --END-- [ RunTime:0.000000s ]
INFO: [ app_begin ] --START--
INFO: Run Behavior\ReadHtmlCacheBehavior [ RunTime:0.001000s ]
INFO: [ app_begin ] --END-- [ RunTime:0.001000s ]
SQL: SHOW COLUMNS FROM `goods` [ RunTime:0.0000s ]
SQL: SELECT * FROM `goods` WHERE `goods_id` = 41 LIMIT 1   [ RunTime:0.0000s ]
SQL: SHOW COLUMNS FROM `comment` [ RunTime:0.0020s ]
SQL: SELECT * FROM `comment` WHERE ( 1=1 AND goods_id='41' )  [ RunTime:0.0000s ]
SQL: SHOW COLUMNS FROM `cat` [ RunTime:0.0010s ]
SQL: SELECT * FROM `cat`  [ RunTime:0.0000s ]
SQL: SELECT * FROM `cat`  [ RunTime:0.0010s ]
SQL: SELECT * FROM `cat`  [ RunTime:0.0000s ]
INFO: [ view_parse ] --START--
INFO: [ template_filter ] --START--
INFO: Run Behavior\ContentReplaceBehavior [ RunTime:0.000000s ]
INFO: [ template_filter ] --END-- [ RunTime:0.000000s ]
NOTIC: [8] Use of undefined constant goods_img - assumed 'goods_img' C:\wamp64\www\shop\Runtime\Cache\Home\4b285c522b6ad877f6a5a13ff3f9c885.php 第 79 行.
NOTIC: [8] Use of undefined constant goods_name - assumed 'goods_name' C:\wamp64\www\shop\Runtime\Cache\Home\4b285c522b6ad877f6a5a13ff3f9c885.php 第 115 行.
NOTIC: [8] Use of undefined constant goods_desc - assumed 'goods_desc' C:\wamp64\www\shop\Runtime\Cache\Home\4b285c522b6ad877f6a5a13ff3f9c885.php 第 118 行.
INFO: Run Behavior\ParseTemplateBehavior [ RunTime:0.024001s ]
INFO: [ view_parse ] --END-- [ RunTime:0.024001s ]
INFO: [ view_filter ] --START--
INFO: Run Behavior\WriteHtmlCacheBehavior [ RunTime:0.000000s ]
INFO: [ view_filter ] --END-- [ RunTime:0.001000s ]
INFO: [ app_end ] --START--
INFO: Run Behavior\ShowPageTraceBehavior [ RunTime:0.001000s ]
INFO: [ app_end ] --END-- [ RunTime:0.001000s ]

[ 2017-02-10T12:01:59+08:00 ] 127.0.0.1 /Home/goods/goods/goods_id/41.html
INFO: [ app_init ] --START--
INFO: Run Behavior\BuildLiteBehavior [ RunTime:0.000000s ]
INFO: [ app_init ] --END-- [ RunTime:0.000000s ]
INFO: [ app_begin ] --START--
INFO: Run Behavior\ReadHtmlCacheBehavior [ RunTime:0.000000s ]
INFO: [ app_begin ] --END-- [ RunTime:0.000000s ]
SQL: SHOW COLUMNS FROM `goods` [ RunTime:0.0000s ]
SQL: SELECT * FROM `goods` WHERE `goods_id` = 41 LIMIT 1   [ RunTime:0.0000s ]
SQL: SHOW COLUMNS FROM `comment` [ RunTime:0.0000s ]
SQL: SELECT * FROM `comment` WHERE ( 1=1 AND goods_id='41' )  [ RunTime:0.0000s ]
SQL: SHOW COLUMNS FROM `cat` [ RunTime:0.0000s ]
SQL: SELECT * FROM `cat`  [ RunTime:0.0000s ]
SQL: SELECT * FROM `cat`  [ RunTime:0.0000s ]
SQL: SELECT * FROM `cat`  [ RunTime:0.0000s ]
INFO: [ view_parse ] --START--
INFO: [ template_filter ] --START--
INFO: Run Behavior\ContentReplaceBehavior [ RunTime:0.000000s ]
INFO: [ template_filter ] --END-- [ RunTime:0.000000s ]
NOTIC: [8] Use of undefined constant goods_img - assumed 'goods_img' C:\wamp64\www\shop\Runtime\Cache\Home\4b285c522b6ad877f6a5a13ff3f9c885.php 第 79 行.
NOTIC: [8] Use of undefined constant goods_name - assumed 'goods_name' C:\wamp64\www\shop\Runtime\Cache\Home\4b285c522b6ad877f6a5a13ff3f9c885.php 第 115 行.
NOTIC: [8] Use of undefined constant goods_desc - assumed 'goods_desc' C:\wamp64\www\shop\Runtime\Cache\Home\4b285c522b6ad877f6a5a13ff3f9c885.php 第 118 行.
INFO: Run Behavior\ParseTemplateBehavior [ RunTime:0.031200s ]
INFO: [ view_parse ] --END-- [ RunTime:0.031200s ]
INFO: [ view_filter ] --START--
INFO: Run Behavior\WriteHtmlCacheBehavior [ RunTime:0.000000s ]
INFO: [ view_filter ] --END-- [ RunTime:0.000000s ]
INFO: [ app_end ] --START--
INFO: Run Behavior\ShowPageTraceBehavior [ RunTime:0.000000s ]
INFO: [ app_end ] --END-- [ RunTime:0.000000s ]

