[ 2017-03-21T10:20:35+08:00 ] 127.0.0.1 /
INFO: [ app_init ] --START--
INFO: Run Behavior\BuildLiteBehavior [ RunTime:0.000000s ]
INFO: [ app_init ] --END-- [ RunTime:0.001000s ]
INFO: [ app_begin ] --START--
INFO: Run Behavior\ReadHtmlCacheBehavior [ RunTime:0.001000s ]
INFO: [ app_begin ] --END-- [ RunTime:0.001000s ]
SQL: SHOW COLUMNS FROM `cat` [ RunTime:0.0030s ]
SQL: SELECT * FROM `cat`  [ RunTime:0.0000s ]
SQL: SHOW COLUMNS FROM `goods` [ RunTime:0.0030s ]
SQL: SELECT * FROM `goods` WHERE ( is_hot=1 ) ORDER BY goods_id desc LIMIT 0,4   [ RunTime:0.0010s ]
NOTIC: [2] array_reverse() expects parameter 1 to be array, null given C:\wamp64\www\shop\Home\Controller\IndexController.class.php 第 10 行.
INFO: [ view_parse ] --START--
INFO: [ template_filter ] --START--
INFO: Run Behavior\ContentReplaceBehavior [ RunTime:0.000000s ]
INFO: [ template_filter ] --END-- [ RunTime:0.000000s ]
NOTIC: [8] Use of undefined constant cat_id - assumed 'cat_id' C:\wamp64\www\shop\Runtime\Cache\Home\2f412aae274b751dca883838bf7e7502.php 第 86 行.
NOTIC: [8] Use of undefined constant parent_id - assumed 'parent_id' C:\wamp64\www\shop\Runtime\Cache\Home\2f412aae274b751dca883838bf7e7502.php 第 86 行.
NOTIC: [8] Use of undefined constant cat_id - assumed 'cat_id' C:\wamp64\www\shop\Runtime\Cache\Home\2f412aae274b751dca883838bf7e7502.php 第 86 行.
NOTIC: [8] Use of undefined constant parent_id - assumed 'parent_id' C:\wamp64\www\shop\Runtime\Cache\Home\2f412aae274b751dca883838bf7e7502.php 第 86 行.
NOTIC: [8] Use of undefined constant cat_id - assumed 'cat_id' C:\wamp64\www\shop\Runtime\Cache\Home\2f412aae274b751dca883838bf7e7502.php 第 86 行.
NOTIC: [8] Use of undefined constant cat_id - assumed 'cat_id' C:\wamp64\www\shop\Runtime\Cache\Home\2f412aae274b751dca883838bf7e7502.php 第 86 行.
NOTIC: [8] Use of undefined constant parent_id - assumed 'parent_id' C:\wamp64\www\shop\Runtime\Cache\Home\2f412aae274b751dca883838bf7e7502.php 第 86 行.
NOTIC: [8] Use of undefined constant cat_id - assumed 'cat_id' C:\wamp64\www\shop\Runtime\Cache\Home\2f412aae274b751dca883838bf7e7502.php 第 86 行.
NOTIC: [8] Use of undefined constant cat_id - assumed 'cat_id' C:\wamp64\www\shop\Runtime\Cache\Home\2f412aae274b751dca883838bf7e7502.php 第 86 行.
NOTIC: [8] Use of undefined constant parent_id - assumed 'parent_id' C:\wamp64\www\shop\Runtime\Cache\Home\2f412aae274b751dca883838bf7e7502.php 第 86 行.
NOTIC: [8] Use of undefined constant cat_id - assumed 'cat_id' C:\wamp64\www\shop\Runtime\Cache\Home\2f412aae274b751dca883838bf7e7502.php 第 86 行.
NOTIC: [8] Use of undefined constant cat_id - assumed 'cat_id' C:\wamp64\www\shop\Runtime\Cache\Home\2f412aae274b751dca883838bf7e7502.php 第 86 行.
NOTIC: [8] Use of undefined constant parent_id - assumed 'parent_id' C:\wamp64\www\shop\Runtime\Cache\Home\2f412aae274b751dca883838bf7e7502.php 第 86 行.
NOTIC: [8] Use of undefined constant cat_id - assumed 'cat_id' C:\wamp64\www\shop\Runtime\Cache\Home\2f412aae274b751dca883838bf7e7502.php 第 86 行.
NOTIC: [8] Use of undefined constant cat_id - assumed 'cat_id' C:\wamp64\www\shop\Runtime\Cache\Home\2f412aae274b751dca883838bf7e7502.php 第 86 行.
NOTIC: [8] Use of undefined constant parent_id - assumed 'parent_id' C:\wamp64\www\shop\Runtime\Cache\Home\2f412aae274b751dca883838bf7e7502.php 第 86 行.
NOTIC: [8] Use of undefined constant cat_id - assumed 'cat_id' C:\wamp64\www\shop\Runtime\Cache\Home\2f412aae274b751dca883838bf7e7502.php 第 86 行.
NOTIC: [8] Use of undefined constant parent_id - assumed 'parent_id' C:\wamp64\www\shop\Runtime\Cache\Home\2f412aae274b751dca883838bf7e7502.php 第 86 行.
NOTIC: [8] Use of undefined constant cat_id - assumed 'cat_id' C:\wamp64\www\shop\Runtime\Cache\Home\2f412aae274b751dca883838bf7e7502.php 第 86 行.
NOTIC: [8] Use of undefined constant parent_id - assumed 'parent_id' C:\wamp64\www\shop\Runtime\Cache\Home\2f412aae274b751dca883838bf7e7502.php 第 86 行.
NOTIC: [8] Use of undefined constant cat_id - assumed 'cat_id' C:\wamp64\www\shop\Runtime\Cache\Home\2f412aae274b751dca883838bf7e7502.php 第 86 行.
NOTIC: [8] Use of undefined constant parent_id - assumed 'parent_id' C:\wamp64\www\shop\Runtime\Cache\Home\2f412aae274b751dca883838bf7e7502.php 第 86 行.
NOTIC: [8] Use of undefined constant cat_id - assumed 'cat_id' C:\wamp64\www\shop\Runtime\Cache\Home\2f412aae274b751dca883838bf7e7502.php 第 86 行.
NOTIC: [8] Use of undefined constant parent_id - assumed 'parent_id' C:\wamp64\www\shop\Runtime\Cache\Home\2f412aae274b751dca883838bf7e7502.php 第 86 行.
NOTIC: [8] Use of undefined constant cat_id - assumed 'cat_id' C:\wamp64\www\shop\Runtime\Cache\Home\2f412aae274b751dca883838bf7e7502.php 第 86 行.
NOTIC: [8] Use of undefined constant parent_id - assumed 'parent_id' C:\wamp64\www\shop\Runtime\Cache\Home\2f412aae274b751dca883838bf7e7502.php 第 86 行.
NOTIC: [8] Use of undefined constant cat_id - assumed 'cat_id' C:\wamp64\www\shop\Runtime\Cache\Home\2f412aae274b751dca883838bf7e7502.php 第 86 行.
NOTIC: [8] Use of undefined constant parent_id - assumed 'parent_id' C:\wamp64\www\shop\Runtime\Cache\Home\2f412aae274b751dca883838bf7e7502.php 第 86 行.
NOTIC: [8] Use of undefined constant cat_id - assumed 'cat_id' C:\wamp64\www\shop\Runtime\Cache\Home\2f412aae274b751dca883838bf7e7502.php 第 86 行.
NOTIC: [8] Use of undefined constant parent_id - assumed 'parent_id' C:\wamp64\www\shop\Runtime\Cache\Home\2f412aae274b751dca883838bf7e7502.php 第 86 行.
NOTIC: [8] Use of undefined constant cat_id - assumed 'cat_id' C:\wamp64\www\shop\Runtime\Cache\Home\2f412aae274b751dca883838bf7e7502.php 第 86 行.
NOTIC: [8] Use of undefined constant parent_id - assumed 'parent_id' C:\wamp64\www\shop\Runtime\Cache\Home\2f412aae274b751dca883838bf7e7502.php 第 86 行.
NOTIC: [8] Use of undefined constant cat_id - assumed 'cat_id' C:\wamp64\www\shop\Runtime\Cache\Home\2f412aae274b751dca883838bf7e7502.php 第 86 行.
NOTIC: [8] Use of undefined constant parent_id - assumed 'parent_id' C:\wamp64\www\shop\Runtime\Cache\Home\2f412aae274b751dca883838bf7e7502.php 第 86 行.
NOTIC: [8] Use of undefined constant cat_id - assumed 'cat_id' C:\wamp64\www\shop\Runtime\Cache\Home\2f412aae274b751dca883838bf7e7502.php 第 86 行.
NOTIC: [8] Use of undefined constant parent_id - assumed 'parent_id' C:\wamp64\www\shop\Runtime\Cache\Home\2f412aae274b751dca883838bf7e7502.php 第 86 行.
NOTIC: [8] Use of undefined constant cat_id - assumed 'cat_id' C:\wamp64\www\shop\Runtime\Cache\Home\2f412aae274b751dca883838bf7e7502.php 第 86 行.
NOTIC: [8] Use of undefined constant parent_id - assumed 'parent_id' C:\wamp64\www\shop\Runtime\Cache\Home\2f412aae274b751dca883838bf7e7502.php 第 86 行.
NOTIC: [8] Use of undefined constant cat_id - assumed 'cat_id' C:\wamp64\www\shop\Runtime\Cache\Home\2f412aae274b751dca883838bf7e7502.php 第 86 行.
NOTIC: [8] Use of undefined constant parent_id - assumed 'parent_id' C:\wamp64\www\shop\Runtime\Cache\Home\2f412aae274b751dca883838bf7e7502.php 第 86 行.
NOTIC: [8] Use of undefined constant cat_id - assumed 'cat_id' C:\wamp64\www\shop\Runtime\Cache\Home\2f412aae274b751dca883838bf7e7502.php 第 86 行.
NOTIC: [8] Use of undefined constant parent_id - assumed 'parent_id' C:\wamp64\www\shop\Runtime\Cache\Home\2f412aae274b751dca883838bf7e7502.php 第 86 行.
NOTIC: [8] Use of undefined constant cat_id - assumed 'cat_id' C:\wamp64\www\shop\Runtime\Cache\Home\2f412aae274b751dca883838bf7e7502.php 第 86 行.
NOTIC: [8] Use of undefined constant parent_id - assumed 'parent_id' C:\wamp64\www\shop\Runtime\Cache\Home\2f412aae274b751dca883838bf7e7502.php 第 86 行.
NOTIC: [8] Use of undefined constant cat_id - assumed 'cat_id' C:\wamp64\www\shop\Runtime\Cache\Home\2f412aae274b751dca883838bf7e7502.php 第 86 行.
NOTIC: [8] Use of undefined constant parent_id - assumed 'parent_id' C:\wamp64\www\shop\Runtime\Cache\Home\2f412aae274b751dca883838bf7e7502.php 第 86 行.
NOTIC: [8] Use of undefined constant cat_id - assumed 'cat_id' C:\wamp64\www\shop\Runtime\Cache\Home\2f412aae274b751dca883838bf7e7502.php 第 86 行.
NOTIC: [8] Use of undefined constant parent_id - assumed 'parent_id' C:\wamp64\www\shop\Runtime\Cache\Home\2f412aae274b751dca883838bf7e7502.php 第 86 行.
NOTIC: [8] Use of undefined constant cat_id - assumed 'cat_id' C:\wamp64\www\shop\Runtime\Cache\Home\2f412aae274b751dca883838bf7e7502.php 第 86 行.
NOTIC: [8] Use of undefined constant cat_id - assumed 'cat_id' C:\wamp64\www\shop\Runtime\Cache\Home\2f412aae274b751dca883838bf7e7502.php 第 86 行.
NOTIC: [8] Use of undefined constant parent_id - assumed 'parent_id' C:\wamp64\www\shop\Runtime\Cache\Home\2f412aae274b751dca883838bf7e7502.php 第 86 行.
NOTIC: [8] Use of undefined constant cat_id - assumed 'cat_id' C:\wamp64\www\shop\Runtime\Cache\Home\2f412aae274b751dca883838bf7e7502.php 第 86 行.
NOTIC: [8] Use of undefined constant cat_id - assumed 'cat_id' C:\wamp64\www\shop\Runtime\Cache\Home\2f412aae274b751dca883838bf7e7502.php 第 86 行.
NOTIC: [8] Use of undefined constant parent_id - assumed 'parent_id' C:\wamp64\www\shop\Runtime\Cache\Home\2f412aae274b751dca883838bf7e7502.php 第 86 行.
NOTIC: [8] Use of undefined constant cat_id - assumed 'cat_id' C:\wamp64\www\shop\Runtime\Cache\Home\2f412aae274b751dca883838bf7e7502.php 第 86 行.
NOTIC: [8] Use of undefined constant cat_id - assumed 'cat_id' C:\wamp64\www\shop\Runtime\Cache\Home\2f412aae274b751dca883838bf7e7502.php 第 86 行.
NOTIC: [8] Use of undefined constant parent_id - assumed 'parent_id' C:\wamp64\www\shop\Runtime\Cache\Home\2f412aae274b751dca883838bf7e7502.php 第 86 行.
NOTIC: [8] Use of undefined constant cat_id - assumed 'cat_id' C:\wamp64\www\shop\Runtime\Cache\Home\2f412aae274b751dca883838bf7e7502.php 第 86 行.
NOTIC: [8] Use of undefined constant cat_id - assumed 'cat_id' C:\wamp64\www\shop\Runtime\Cache\Home\2f412aae274b751dca883838bf7e7502.php 第 86 行.
NOTIC: [8] Use of undefined constant parent_id - assumed 'parent_id' C:\wamp64\www\shop\Runtime\Cache\Home\2f412aae274b751dca883838bf7e7502.php 第 86 行.
NOTIC: [8] Use of undefined constant cat_id - assumed 'cat_id' C:\wamp64\www\shop\Runtime\Cache\Home\2f412aae274b751dca883838bf7e7502.php 第 86 行.
NOTIC: [8] Use of undefined constant parent_id - assumed 'parent_id' C:\wamp64\www\shop\Runtime\Cache\Home\2f412aae274b751dca883838bf7e7502.php 第 86 行.
NOTIC: [8] Use of undefined constant cat_id - assumed 'cat_id' C:\wamp64\www\shop\Runtime\Cache\Home\2f412aae274b751dca883838bf7e7502.php 第 86 行.
NOTIC: [8] Use of undefined constant parent_id - assumed 'parent_id' C:\wamp64\www\shop\Runtime\Cache\Home\2f412aae274b751dca883838bf7e7502.php 第 86 行.
NOTIC: [8] Use of undefined constant cat_id - assumed 'cat_id' C:\wamp64\www\shop\Runtime\Cache\Home\2f412aae274b751dca883838bf7e7502.php 第 86 行.
NOTIC: [8] Use of undefined constant parent_id - assumed 'parent_id' C:\wamp64\www\shop\Runtime\Cache\Home\2f412aae274b751dca883838bf7e7502.php 第 86 行.
NOTIC: [8] Use of undefined constant cat_id - assumed 'cat_id' C:\wamp64\www\shop\Runtime\Cache\Home\2f412aae274b751dca883838bf7e7502.php 第 86 行.
NOTIC: [8] Use of undefined constant parent_id - assumed 'parent_id' C:\wamp64\www\shop\Runtime\Cache\Home\2f412aae274b751dca883838bf7e7502.php 第 86 行.
NOTIC: [8] Use of undefined constant cat_id - assumed 'cat_id' C:\wamp64\www\shop\Runtime\Cache\Home\2f412aae274b751dca883838bf7e7502.php 第 86 行.
NOTIC: [8] Use of undefined constant parent_id - assumed 'parent_id' C:\wamp64\www\shop\Runtime\Cache\Home\2f412aae274b751dca883838bf7e7502.php 第 86 行.
NOTIC: [8] Use of undefined constant cat_id - assumed 'cat_id' C:\wamp64\www\shop\Runtime\Cache\Home\2f412aae274b751dca883838bf7e7502.php 第 86 行.
NOTIC: [8] Use of undefined constant parent_id - assumed 'parent_id' C:\wamp64\www\shop\Runtime\Cache\Home\2f412aae274b751dca883838bf7e7502.php 第 86 行.
NOTIC: [8] Use of undefined constant cat_id - assumed 'cat_id' C:\wamp64\www\shop\Runtime\Cache\Home\2f412aae274b751dca883838bf7e7502.php 第 86 行.
NOTIC: [8] Use of undefined constant parent_id - assumed 'parent_id' C:\wamp64\www\shop\Runtime\Cache\Home\2f412aae274b751dca883838bf7e7502.php 第 86 行.
NOTIC: [8] Use of undefined constant cat_id - assumed 'cat_id' C:\wamp64\www\shop\Runtime\Cache\Home\2f412aae274b751dca883838bf7e7502.php 第 86 行.
NOTIC: [8] Use of undefined constant parent_id - assumed 'parent_id' C:\wamp64\www\shop\Runtime\Cache\Home\2f412aae274b751dca883838bf7e7502.php 第 86 行.
NOTIC: [8] Use of undefined constant cat_id - assumed 'cat_id' C:\wamp64\www\shop\Runtime\Cache\Home\2f412aae274b751dca883838bf7e7502.php 第 86 行.
NOTIC: [8] Use of undefined constant parent_id - assumed 'parent_id' C:\wamp64\www\shop\Runtime\Cache\Home\2f412aae274b751dca883838bf7e7502.php 第 86 行.
NOTIC: [8] Use of undefined constant cat_id - assumed 'cat_id' C:\wamp64\www\shop\Runtime\Cache\Home\2f412aae274b751dca883838bf7e7502.php 第 86 行.
NOTIC: [8] Use of undefined constant parent_id - assumed 'parent_id' C:\wamp64\www\shop\Runtime\Cache\Home\2f412aae274b751dca883838bf7e7502.php 第 86 行.
NOTIC: [8] Use of undefined constant cat_id - assumed 'cat_id' C:\wamp64\www\shop\Runtime\Cache\Home\2f412aae274b751dca883838bf7e7502.php 第 86 行.
NOTIC: [8] Use of undefined constant parent_id - assumed 'parent_id' C:\wamp64\www\shop\Runtime\Cache\Home\2f412aae274b751dca883838bf7e7502.php 第 86 行.
NOTIC: [8] Use of undefined constant cat_id - assumed 'cat_id' C:\wamp64\www\shop\Runtime\Cache\Home\2f412aae274b751dca883838bf7e7502.php 第 86 行.
NOTIC: [8] Use of undefined constant parent_id - assumed 'parent_id' C:\wamp64\www\shop\Runtime\Cache\Home\2f412aae274b751dca883838bf7e7502.php 第 86 行.
NOTIC: [8] Use of undefined constant cat_id - assumed 'cat_id' C:\wamp64\www\shop\Runtime\Cache\Home\2f412aae274b751dca883838bf7e7502.php 第 86 行.
NOTIC: [8] Use of undefined constant parent_id - assumed 'parent_id' C:\wamp64\www\shop\Runtime\Cache\Home\2f412aae274b751dca883838bf7e7502.php 第 86 行.
NOTIC: [8] Use of undefined constant cat_id - assumed 'cat_id' C:\wamp64\www\shop\Runtime\Cache\Home\2f412aae274b751dca883838bf7e7502.php 第 86 行.
NOTIC: [8] Use of undefined constant parent_id - assumed 'parent_id' C:\wamp64\www\shop\Runtime\Cache\Home\2f412aae274b751dca883838bf7e7502.php 第 86 行.
NOTIC: [8] Use of undefined constant cat_id - assumed 'cat_id' C:\wamp64\www\shop\Runtime\Cache\Home\2f412aae274b751dca883838bf7e7502.php 第 86 行.
NOTIC: [8] Use of undefined constant parent_id - assumed 'parent_id' C:\wamp64\www\shop\Runtime\Cache\Home\2f412aae274b751dca883838bf7e7502.php 第 86 行.
NOTIC: [8] Use of undefined constant cat_id - assumed 'cat_id' C:\wamp64\www\shop\Runtime\Cache\Home\2f412aae274b751dca883838bf7e7502.php 第 86 行.
NOTIC: [8] Use of undefined constant parent_id - assumed 'parent_id' C:\wamp64\www\shop\Runtime\Cache\Home\2f412aae274b751dca883838bf7e7502.php 第 86 行.
NOTIC: [8] Use of undefined constant cat_id - assumed 'cat_id' C:\wamp64\www\shop\Runtime\Cache\Home\2f412aae274b751dca883838bf7e7502.php 第 86 行.
NOTIC: [8] Use of undefined constant cat_id - assumed 'cat_id' C:\wamp64\www\shop\Runtime\Cache\Home\2f412aae274b751dca883838bf7e7502.php 第 86 行.
NOTIC: [8] Use of undefined constant parent_id - assumed 'parent_id' C:\wamp64\www\shop\Runtime\Cache\Home\2f412aae274b751dca883838bf7e7502.php 第 86 行.
NOTIC: [8] Use of undefined constant cat_id - assumed 'cat_id' C:\wamp64\www\shop\Runtime\Cache\Home\2f412aae274b751dca883838bf7e7502.php 第 86 行.
NOTIC: [8] Use of undefined constant cat_id - assumed 'cat_id' C:\wamp64\www\shop\Runtime\Cache\Home\2f412aae274b751dca883838bf7e7502.php 第 86 行.
NOTIC: [8] Use of undefined constant parent_id - assumed 'parent_id' C:\wamp64\www\shop\Runtime\Cache\Home\2f412aae274b751dca883838bf7e7502.php 第 86 行.
NOTIC: [8] Use of undefined constant cat_id - assumed 'cat_id' C:\wamp64\www\shop\Runtime\Cache\Home\2f412aae274b751dca883838bf7e7502.php 第 86 行.
NOTIC: [8] Use of undefined constant cat_id - assumed 'cat_id' C:\wamp64\www\shop\Runtime\Cache\Home\2f412aae274b751dca883838bf7e7502.php 第 86 行.
NOTIC: [8] Use of undefined constant parent_id - assumed 'parent_id' C:\wamp64\www\shop\Runtime\Cache\Home\2f412aae274b751dca883838bf7e7502.php 第 86 行.
NOTIC: [8] Use of undefined constant cat_id - assumed 'cat_id' C:\wamp64\www\shop\Runtime\Cache\Home\2f412aae274b751dca883838bf7e7502.php 第 86 行.
NOTIC: [8] Use of undefined constant goods_id - assumed 'goods_id' C:\wamp64\www\shop\Runtime\Cache\Home\2f412aae274b751dca883838bf7e7502.php 第 198 行.
NOTIC: [8] Use of undefined constant thumb_img - assumed 'thumb_img' C:\wamp64\www\shop\Runtime\Cache\Home\2f412aae274b751dca883838bf7e7502.php 第 198 行.
NOTIC: [8] Use of undefined constant market_price - assumed 'market_price' C:\wamp64\www\shop\Runtime\Cache\Home\2f412aae274b751dca883838bf7e7502.php 第 200 行.
NOTIC: [8] Use of undefined constant shop_price - assumed 'shop_price' C:\wamp64\www\shop\Runtime\Cache\Home\2f412aae274b751dca883838bf7e7502.php 第 201 行.
NOTIC: [8] Use of undefined constant goods_id - assumed 'goods_id' C:\wamp64\www\shop\Runtime\Cache\Home\2f412aae274b751dca883838bf7e7502.php 第 198 行.
NOTIC: [8] Use of undefined constant thumb_img - assumed 'thumb_img' C:\wamp64\www\shop\Runtime\Cache\Home\2f412aae274b751dca883838bf7e7502.php 第 198 行.
NOTIC: [8] Use of undefined constant market_price - assumed 'market_price' C:\wamp64\www\shop\Runtime\Cache\Home\2f412aae274b751dca883838bf7e7502.php 第 200 行.
NOTIC: [8] Use of undefined constant shop_price - assumed 'shop_price' C:\wamp64\www\shop\Runtime\Cache\Home\2f412aae274b751dca883838bf7e7502.php 第 201 行.
NOTIC: [8] Use of undefined constant goods_id - assumed 'goods_id' C:\wamp64\www\shop\Runtime\Cache\Home\2f412aae274b751dca883838bf7e7502.php 第 198 行.
NOTIC: [8] Use of undefined constant thumb_img - assumed 'thumb_img' C:\wamp64\www\shop\Runtime\Cache\Home\2f412aae274b751dca883838bf7e7502.php 第 198 行.
NOTIC: [8] Use of undefined constant market_price - assumed 'market_price' C:\wamp64\www\shop\Runtime\Cache\Home\2f412aae274b751dca883838bf7e7502.php 第 200 行.
NOTIC: [8] Use of undefined constant shop_price - assumed 'shop_price' C:\wamp64\www\shop\Runtime\Cache\Home\2f412aae274b751dca883838bf7e7502.php 第 201 行.
NOTIC: [8] Use of undefined constant goods_id - assumed 'goods_id' C:\wamp64\www\shop\Runtime\Cache\Home\2f412aae274b751dca883838bf7e7502.php 第 198 行.
NOTIC: [8] Use of undefined constant thumb_img - assumed 'thumb_img' C:\wamp64\www\shop\Runtime\Cache\Home\2f412aae274b751dca883838bf7e7502.php 第 198 行.
NOTIC: [8] Use of undefined constant market_price - assumed 'market_price' C:\wamp64\www\shop\Runtime\Cache\Home\2f412aae274b751dca883838bf7e7502.php 第 200 行.
NOTIC: [8] Use of undefined constant shop_price - assumed 'shop_price' C:\wamp64\www\shop\Runtime\Cache\Home\2f412aae274b751dca883838bf7e7502.php 第 201 行.
INFO: Run Behavior\ParseTemplateBehavior [ RunTime:0.029002s ]
INFO: [ view_parse ] --END-- [ RunTime:0.029002s ]
INFO: [ view_filter ] --START--
INFO: Run Behavior\WriteHtmlCacheBehavior [ RunTime:0.001000s ]
INFO: [ view_filter ] --END-- [ RunTime:0.002000s ]
INFO: [ app_end ] --START--
INFO: Run Behavior\ShowPageTraceBehavior [ RunTime:0.002000s ]
INFO: [ app_end ] --END-- [ RunTime:0.002000s ]

[ 2017-03-21T10:20:35+08:00 ] ::1 /shop/index.php/home/user/add
INFO: [ app_init ] --START--
INFO: Run Behavior\BuildLiteBehavior [ RunTime:0.000000s ]
INFO: [ app_init ] --END-- [ RunTime:0.001000s ]
INFO: [ app_begin ] --START--
INFO: Run Behavior\ReadHtmlCacheBehavior [ RunTime:0.001000s ]
INFO: [ app_begin ] --END-- [ RunTime:0.001000s ]
ERR: 非法操作:add

